[SETTINGS] {
  "date": "2021/05/05 19:09:23",
  "date_iso": "2021-05-05T19:09:23.083162",
  "params": null,
  "system": {
    "nodename": "calypso.local",
    "machine": "x86_64",
    "platform": "macOS-10.16-x86_64-i386-64bit",
    "processor": "i386",
    "version": "Darwin Kernel Version 20.4.0: Fri Mar  5 01:14:02 PST 2021; root:xnu-7195.101.1~3/RELEASE_ARM64_T8101",
    "system": "Darwin",
    "cpu_count": 8,
    "cpu_times": {
      "user": 60334.17,
      "system": 38478.79,
      "idle": 1353949.83,
      "nice": 0.0
    },
    "cpu_percent": 6.3,
    "virtual_memory": {
      "total": 17179869184,
      "available": 1565630464,
      "percent": 90.9,
      "used": 1937743872,
      "free": 65843200
    }
  },
  "process": {
    "username": "zissou",
    "cwd": "/Users/zissou/repos/affe/note/tutorial",
    "create_time": 1620234337.046416,
    "cpu_times": {
      "user": 0.039002848,
      "system": 0.013921477
    }
  },
  "logfile": "via-subprocess",
  "max_time": 60.0,
  "command": "/opt/miniconda3/envs/affe/bin/python /Users/zissou/repos/affe/src/affe/cli/flow_cli.py -f flowfile.pkl"
}
[INFO] cmd:/opt/miniconda3/envs/affe/bin/python /Users/zissou/repos/affe/src/affe/cli/flow_cli.py -f flowfile.pkl; cwd:/Users/zissou/repos/affe/note/tutorial
[INFO] Start: Run process
[INFO] Write log to via-subprocess.running.log
[STDERR] Traceback (most recent call last):
[STDERR]   File "/Users/zissou/repos/affe/src/affe/cli/flow_cli.py", line 69, in <module>
[STDERR]     main(flow_filepath_outer_scope)
[STDERR]   File "/Users/zissou/repos/affe/src/affe/cli/flow_cli.py", line 28, in main
[STDERR]     flow = Flow.load(flow_filepath)
[STDERR]   File "/Users/zissou/repos/affe/src/affe/flow/Flow.py", line 127, in load

    Start flow_cli.py.
    
[STDERR]     flow = pkl.load(f)
[STDERR]   File "/opt/miniconda3/envs/affe/lib/python3.9/site-packages/dill/_dill.py", line 278, in load
[STDERR]     return Unpickler(file, ignore=ignore, **kwds).load()
[STDERR]   File "/opt/miniconda3/envs/affe/lib/python3.9/site-packages/dill/_dill.py", line 481, in load
[STDERR]     obj = StockUnpickler.load(self)
[STDERR]   File "/opt/miniconda3/envs/affe/lib/python3.9/site-packages/dill/_dill.py", line 471, in find_class
[STDERR]     return StockUnpickler.find_class(self, module, name)
[STDERR] AttributeError: Can't get attribute 'IrisFlow' on <module '__main__' from '/Users/zissou/repos/affe/src/affe/cli/flow_cli.py'>
[INFO] Process ended (returncode 1)
[INFO] Finished: Run process 1.017 seconds
[WARNING] Exit:finished; Returncode:1; Time:1.01679
