[SETTINGS] {
  "date": "2021/05/05 20:25:17",
  "date_iso": "2021-05-05T20:25:17.306549",
  "params": null,
  "system": {
    "nodename": "calypso.local",
    "machine": "x86_64",
    "platform": "macOS-10.16-x86_64-i386-64bit",
    "processor": "i386",
    "version": "Darwin Kernel Version 20.4.0: Fri Mar  5 01:14:02 PST 2021; root:xnu-7195.101.1~3/RELEASE_ARM64_T8101",
    "system": "Darwin",
    "cpu_count": 8,
    "cpu_times": {
      "user": 61752.2,
      "system": 39469.81,
      "idle": 1387975.58,
      "nice": 0.0
    },
    "cpu_percent": 7.0,
    "virtual_memory": {
      "total": 17179869184,
      "available": 1555009536,
      "percent": 90.9,
      "used": 1898156032,
      "free": 54804480
    }
  },
  "process": {
    "username": "zissou",
    "cwd": "/Users/zissou/repos/affe/note/tutorial",
    "create_time": 1620239105.486916,
    "cpu_times": {
      "user": 0.028917184,
      "system": 0.009191412
    }
  },
  "logfile": "logs/timeout-sufficient",
  "max_time": 10.0,
  "command": "/opt/miniconda3/envs/affe/bin/python /Users/zissou/repos/affe/src/affe/cli/flow_cli.py -f flowfile.pkl"
}
[INFO] cmd:/opt/miniconda3/envs/affe/bin/python /Users/zissou/repos/affe/src/affe/cli/flow_cli.py -f flowfile.pkl; cwd:/Users/zissou/repos/affe/note/tutorial
[INFO] Start: Run process
[INFO] Write log to logs/timeout-sufficient.running.log

    Start flow_cli.py.
    
I am about to execute the IRIS FLOW
BUT FIRST: I shall sleep 2 seconds
I WOKE UP, gonna do my stuff now.

        I am DONE executing the IRIS FLOW
        

    Done flow_cli.py.
    
[INFO] Process ended (returncode 0)
[INFO] Finished: Run process 3.061 seconds
[WARNING] Exit:finished; Returncode:0; Time:3.06145
