[SETTINGS] {
  "date": "2021/05/05 22:14:53",
  "date_iso": "2021-05-05T22:14:53.306154",
  "params": null,
  "system": {
    "nodename": "calypso.local",
    "machine": "x86_64",
    "platform": "macOS-10.16-x86_64-i386-64bit",
    "processor": "i386",
    "version": "Darwin Kernel Version 20.4.0: Fri Mar  5 01:14:02 PST 2021; root:xnu-7195.101.1~3/RELEASE_ARM64_T8101",
    "system": "Darwin",
    "cpu_count": 8,
    "cpu_times": {
      "user": 64278.14,
      "system": 41222.12,
      "idle": 1436307.04,
      "nice": 0.0
    },
    "cpu_percent": 53.3,
    "virtual_memory": {
      "total": 17179869184,
      "available": 1423060992,
      "percent": 91.7,
      "used": 1802637312,
      "free": 53469184
    }
  },
  "process": {
    "username": "zissou",
    "cwd": "/Users/zissou/repos/affe/note/tutorial",
    "create_time": 1620245681.271222,
    "cpu_times": {
      "user": 0.02911435,
      "system": 0.01025508
    }
  },
  "logfile": "logs/timeout-insufficient",
  "max_time": 10.0,
  "command": "/opt/miniconda3/envs/affe/bin/python /Users/zissou/repos/affe/src/affe/cli/flow_cli.py -f flowfile.pkl"
}
[INFO] cmd:/opt/miniconda3/envs/affe/bin/python /Users/zissou/repos/affe/src/affe/cli/flow_cli.py -f flowfile.pkl; cwd:/Users/zissou/repos/affe/note/tutorial
[INFO] Start: Run process
[INFO] Write log to logs/timeout-insufficient.running.log
[INFO] Kill process
[INFO] Process ended (returncode None)
[INFO] Finished: Run process 10.239 seconds
[WARNING] Exit:time_limit; Returncode:999; Time:10.23853
