[SETTINGS] {
  "date": "2020/03/09 01:05:15",
  "date_iso": "2020-03-09T01:05:15.273032",
  "params": null,
  "system": {
    "nodename": "belafonte",
    "machine": "x86_64",
    "platform": "Linux-5.3.0-40-generic-x86_64-with-glibc2.10",
    "processor": "x86_64",
    "version": "#32~18.04.1-Ubuntu SMP Mon Feb 3 14:05:59 UTC 2020",
    "system": "Linux",
    "cpu_count": 4,
    "cpu_times": {
      "user": 7456.86,
      "system": 2227.24,
      "idle": 85465.88,
      "nice": 1.83
    },
    "cpu_percent": 17.6,
    "virtual_memory": {
      "total": 8242700288,
      "available": 3286384640,
      "percent": 60.1,
      "used": 4043509760,
      "free": 1146646528
    }
  },
  "process": {
    "username": "zissou",
    "cwd": "/home/zissou/repos/affe/note/impl",
    "create_time": 1583712154.42,
    "cpu_times": {
      "user": 2.05,
      "system": 0.29
    }
  },
  "logfile": "/home/zissou/repos/affe/out/flow/logs/logfile-with-script",
  "max_time": 10.0,
  "command": "python /home/zissou/repos/affe/src/affe/cli/flow_cli.py -f yolo.pkl"
}
[INFO] cmd:python /home/zissou/repos/affe/src/affe/cli/flow_cli.py -f yolo.pkl; cwd:/home/zissou/repos/affe/note/impl
[INFO] Start: Run process
[INFO] Write log to /home/zissou/repos/affe/out/flow/logs/logfile-with-script.running.log
[STDERR] Traceback (most recent call last):
[STDERR]   File "/home/zissou/repos/affe/src/affe/cli/flow_cli.py", line 55, in <module>
[STDERR]     main(flow_filepath_outer_scope)
[STDERR]   File "/home/zissou/repos/affe/src/affe/cli/flow_cli.py", line 16, in main
[STDERR]     import affe
[STDERR] ModuleNotFoundError: No module named 'affe'
[INFO] Process ended (returncode 1)
[INFO] Finished: Run process 0.202 seconds
[WARNING] Exit:finished; Returncode:1; Time:0.20201
