[SETTINGS] {
  "date": "2020/03/09 02:03:40",
  "date_iso": "2020-03-09T02:03:40.914467",
  "params": null,
  "system": {
    "nodename": "belafonte",
    "machine": "x86_64",
    "platform": "Linux-5.3.0-40-generic-x86_64-with-glibc2.10",
    "processor": "x86_64",
    "version": "#32~18.04.1-Ubuntu SMP Mon Feb 3 14:05:59 UTC 2020",
    "system": "Linux",
    "cpu_count": 4,
    "cpu_times": {
      "user": 8653.04,
      "system": 2589.26,
      "idle": 97769.51,
      "nice": 8.2
    },
    "cpu_percent": 35.7,
    "virtual_memory": {
      "total": 8242700288,
      "available": 3517136896,
      "percent": 57.3,
      "used": 3827388416,
      "free": 990400512
    }
  },
  "process": {
    "username": "zissou",
    "cwd": "/home/zissou/repos/affe/note/impl",
    "create_time": 1583715820.05,
    "cpu_times": {
      "user": 0.41,
      "system": 0.05
    }
  },
  "logfile": "/home/zissou/repos/affe/out/flow/logs/logfile-with-script",
  "max_time": 10.0,
  "command": "/home/zissou/miniconda3/envs/affe/bin/python /home/zissou/repos/affe/src/affe/cli/flow_cli.py -f yolo.pkl"
}
[INFO] cmd:/home/zissou/miniconda3/envs/affe/bin/python /home/zissou/repos/affe/src/affe/cli/flow_cli.py -f yolo.pkl; cwd:/home/zissou/repos/affe/note/impl
[INFO] Start: Run process
[INFO] Write log to /home/zissou/repos/affe/out/flow/logs/logfile-with-script.running.log
Imports succesful.
Hello world
2 secs passed

    I am running the general-purpose flow script.
    

[INFO] Process ended (returncode 0)
[INFO] Finished: Run process 2.605 seconds
[WARNING] Exit:finished; Returncode:0; Time:2.60494
